<!DOCTYPE html>
<html>
<head>
<meta http-equiv="Content-Type" content="text/html; charset=utf-8"/>
<meta http-equiv="x-ua-compatible" content="IE=edge"/>
<title>Test results - Class com.phonebook.tests.CreateAccountTests</title>
<link href="../css/base-style.css" rel="stylesheet" type="text/css"/>
<link href="../css/style.css" rel="stylesheet" type="text/css"/>
<script src="../js/report.js" type="text/javascript"></script>
</head>
<body>
<div id="content">
<h1>Class com.phonebook.tests.CreateAccountTests</h1>
<div class="breadcrumbs">
<a href="../index.html">all</a> &gt; 
<a href="../packages/com.phonebook.tests.html">com.phonebook.tests</a> &gt; CreateAccountTests</div>
<div id="summary">
<table>
<tr>
<td>
<div class="summaryGroup">
<table>
<tr>
<td>
<div class="infoBox" id="tests">
<div class="counter">1</div>
<p>tests</p>
</div>
</td>
<td>
<div class="infoBox" id="failures">
<div class="counter">0</div>
<p>failures</p>
</div>
</td>
<td>
<div class="infoBox" id="ignored">
<div class="counter">0</div>
<p>ignored</p>
</div>
</td>
<td>
<div class="infoBox" id="duration">
<div class="counter">2.300s</div>
<p>duration</p>
</div>
</td>
</tr>
</table>
</div>
</td>
<td>
<div class="infoBox success" id="successRate">
<div class="percent">100%</div>
<p>successful</p>
</div>
</td>
</tr>
</table>
</div>
<div id="tabs">
<ul class="tabLinks">
<li>
<a href="#tab0">Tests</a>
</li>
<li>
<a href="#tab1">Standard output</a>
</li>
</ul>
<div id="tab0" class="tab">
<h2>Tests</h2>
<table>
<thead>
<tr>
<th>Test</th>
<th>Duration</th>
<th>Result</th>
</tr>
</thead>
<tr>
<td class="success">createExistedAccountNegativeTest</td>
<td class="success">2.300s</td>
<td class="success">passed</td>
</tr>
</table>
</div>
<div id="tab1" class="tab">
<h2>Standard output</h2>
<span class="code">
<pre>18:57:42.263 [Test worker] INFO  com.phonebook.tests.TestBase -- Start testcreateExistedAccountNegativeTestwith data: []
18:57:42.269 [Test worker] INFO  com.phonebook.utils.MyListener -- Before find elements --&gt;By.cssSelector: [href='/login']
18:57:42.348 [Test worker] INFO  com.phonebook.utils.MyListener -- After find elements --&gt;By.cssSelector: [href='/login']
18:57:42.349 [Test worker] INFO  com.phonebook.utils.MyListener -- List size is 1
18:57:42.359 [Test worker] INFO  com.phonebook.tests.TestBase -- Existed account data are afal33@gmail.comAlina2024$
18:57:42.360 [Test worker] INFO  com.phonebook.utils.MyListener -- Before find element --&gt;By.cssSelector: [href='/login']
18:57:42.422 [Test worker] INFO  com.phonebook.utils.MyListener -- After find element --&gt;By.cssSelector: [href='/login']
18:57:42.546 [Test worker] INFO  com.phonebook.utils.MyListener -- Before find element --&gt;By.name: email
18:57:42.598 [Test worker] INFO  com.phonebook.utils.MyListener -- After find element --&gt;By.name: email
18:57:42.710 [Test worker] INFO  com.phonebook.utils.MyListener -- Before find element --&gt;By.name: email
18:57:42.749 [Test worker] INFO  com.phonebook.utils.MyListener -- After find element --&gt;By.name: email
18:57:42.803 [Test worker] INFO  com.phonebook.utils.MyListener -- Before find element --&gt;By.name: email
18:57:42.834 [Test worker] INFO  com.phonebook.utils.MyListener -- After find element --&gt;By.name: email
18:57:42.930 [Test worker] INFO  com.phonebook.utils.MyListener -- Before find element --&gt;By.name: password
18:57:42.981 [Test worker] INFO  com.phonebook.utils.MyListener -- After find element --&gt;By.name: password
18:57:43.130 [Test worker] INFO  com.phonebook.utils.MyListener -- Before find element --&gt;By.name: password
18:57:43.204 [Test worker] INFO  com.phonebook.utils.MyListener -- After find element --&gt;By.name: password
18:57:43.277 [Test worker] INFO  com.phonebook.utils.MyListener -- Before find element --&gt;By.name: password
18:57:43.306 [Test worker] INFO  com.phonebook.utils.MyListener -- After find element --&gt;By.name: password
18:57:43.380 [Test worker] INFO  com.phonebook.utils.MyListener -- Before find element --&gt;By.name: registration
18:57:43.417 [Test worker] INFO  com.phonebook.utils.MyListener -- After find element --&gt;By.name: registration
18:57:43.513 [Test worker] INFO  com.phonebook.utils.MyListener -- Something went wrong!!!!
18:57:43.514 [Test worker] INFO  com.phonebook.utils.MyListener -- ******************************************************************************
18:57:43.515 [Test worker] INFO  com.phonebook.utils.MyListener -- Method --&gt; alert
18:57:43.516 [Test worker] INFO  com.phonebook.utils.MyListener -- ******************************************************************************
18:57:43.520 [Test worker] INFO  com.phonebook.utils.MyListener -- Target exception --&gt; org.openqa.selenium.NoAlertPresentException: no such alert
  (Session info: chrome=126.0.6478.63)
Build info: version: '4.21.0', revision: '79ed462ef4'
System info: os.name: 'Windows 10', os.arch: 'amd64', os.version: '10.0', java.version: '11.0.22'
Driver info: org.openqa.selenium.chrome.ChromeDriver
Command: [d58a63e4c789092295fa474cebf42602, getAlertText {}]
Capabilities {acceptInsecureCerts: false, browserName: chrome, browserVersion: 126.0.6478.63, chrome: {chromedriverVersion: 125.0.6422.141 (4b1e8393712..., userDataDir: C:\Users\afali\AppData\Loca...}, fedcm:accounts: true, goog:chromeOptions: {debuggerAddress: localhost:55155}, networkConnectionEnabled: false, pageLoadStrategy: normal, platformName: windows, proxy: Proxy(), se:cdp: ws://localhost:55155/devtoo..., se:cdpVersion: 126.0.6478.63, setWindowRect: true, strictFileInteractability: false, timeouts: {implicit: 0, pageLoad: 300000, script: 30000}, unhandledPromptBehavior: dismiss and notify, webauthn:extension:credBlob: true, webauthn:extension:largeBlob: true, webauthn:extension:minPinLength: true, webauthn:extension:prf: true, webauthn:virtualAuthenticators: true}
Session ID: d58a63e4c789092295fa474cebf42602
18:57:43.521 [Test worker] INFO  com.phonebook.utils.MyListener -- ******************************************************************************
18:57:44.051 [Test worker] INFO  com.phonebook.utils.MyListener -- Something went wrong!!!!
18:57:44.051 [Test worker] INFO  com.phonebook.utils.MyListener -- ******************************************************************************
18:57:44.051 [Test worker] INFO  com.phonebook.utils.MyListener -- Method --&gt; alert
18:57:44.051 [Test worker] INFO  com.phonebook.utils.MyListener -- ******************************************************************************
18:57:44.052 [Test worker] INFO  com.phonebook.utils.MyListener -- Target exception --&gt; org.openqa.selenium.NoAlertPresentException: no such alert
  (Session info: chrome=126.0.6478.63)
Build info: version: '4.21.0', revision: '79ed462ef4'
System info: os.name: 'Windows 10', os.arch: 'amd64', os.version: '10.0', java.version: '11.0.22'
Driver info: org.openqa.selenium.chrome.ChromeDriver
Command: [d58a63e4c789092295fa474cebf42602, getAlertText {}]
Capabilities {acceptInsecureCerts: false, browserName: chrome, browserVersion: 126.0.6478.63, chrome: {chromedriverVersion: 125.0.6422.141 (4b1e8393712..., userDataDir: C:\Users\afali\AppData\Loca...}, fedcm:accounts: true, goog:chromeOptions: {debuggerAddress: localhost:55155}, networkConnectionEnabled: false, pageLoadStrategy: normal, platformName: windows, proxy: Proxy(), se:cdp: ws://localhost:55155/devtoo..., se:cdpVersion: 126.0.6478.63, setWindowRect: true, strictFileInteractability: false, timeouts: {implicit: 0, pageLoad: 300000, script: 30000}, unhandledPromptBehavior: dismiss and notify, webauthn:extension:credBlob: true, webauthn:extension:largeBlob: true, webauthn:extension:minPinLength: true, webauthn:extension:prf: true, webauthn:virtualAuthenticators: true}
Session ID: d58a63e4c789092295fa474cebf42602
18:57:44.053 [Test worker] INFO  com.phonebook.utils.MyListener -- ******************************************************************************
18:57:44.605 [Test worker] INFO  com.phonebook.utils.MyListener -- Before find elements --&gt;By.xpath: //div[.='Registration failed with code 409']
18:57:44.650 [Test worker] INFO  com.phonebook.utils.MyListener -- After find elements --&gt;By.xpath: //div[.='Registration failed with code 409']
18:57:44.651 [Test worker] INFO  com.phonebook.utils.MyListener -- List size is 1
18:57:44.657 [Test worker] INFO  com.phonebook.tests.TestBase -- PASSED: createExistedAccountNegativeTest
18:57:44.657 [Test worker] INFO  com.phonebook.tests.TestBase -- Stop Test
</pre>
</span>
</div>
</div>
<div id="footer">
<p>
<div>
<label class="hidden" id="label-for-line-wrapping-toggle" for="line-wrapping-toggle">Wrap lines
<input id="line-wrapping-toggle" type="checkbox" autocomplete="off"/>
</label>
</div>Generated by 
<a href="http://www.gradle.org">Gradle 8.8</a> at 24 июн. 2024 г., 18:58:07</p>
</div>
</div>
</body>
</html>
