<?xml version="1.0" encoding="UTF-8"?>
<testsuite name="com.phonebook.tests.LoginTests" tests="1" skipped="0" failures="1" errors="0" timestamp="2024-06-24T16:57:44" hostname="DESKTOP-TV0CJ1Q" time="20.603">
  <properties/>
  <testcase name="loginNegativeWithoutEmailTest" classname="com.phonebook.tests.LoginTests" time="20.603">
    <failure message="org.openqa.selenium.TimeoutException: Expected condition failed: waiting for alert to be present (tried for 20 second(s) with 500 milliseconds interval)&#10;Build info: version: '4.21.0', revision: '79ed462ef4'&#10;System info: os.name: 'Windows 10', os.arch: 'amd64', os.version: '10.0', java.version: '11.0.22'&#10;Driver info: net.bytebuddy.renamed.java.lang.Object$ByteBuddy$YhHKjk1S&#10;Capabilities {acceptInsecureCerts: false, browserName: chrome, browserVersion: 126.0.6478.63, chrome: {chromedriverVersion: 125.0.6422.141 (4b1e8393712..., userDataDir: C:\Users\afali\AppData\Loca...}, fedcm:accounts: true, goog:chromeOptions: {debuggerAddress: localhost:55155}, networkConnectionEnabled: false, pageLoadStrategy: normal, platformName: windows, proxy: Proxy(), se:cdp: ws://localhost:55155/devtoo..., se:cdpVersion: 126.0.6478.63, setWindowRect: true, strictFileInteractability: false, timeouts: {implicit: 0, pageLoad: 300000, script: 30000}, unhandledPromptBehavior: dismiss and notify, webauthn:extension:credBlob: true, webauthn:extension:largeBlob: true, webauthn:extension:minPinLength: true, webauthn:extension:prf: true, webauthn:virtualAuthenticators: true}&#10;Session ID: d58a63e4c789092295fa474cebf42602" type="org.openqa.selenium.TimeoutException">org.openqa.selenium.TimeoutException: Expected condition failed: waiting for alert to be present (tried for 20 second(s) with 500 milliseconds interval)
Build info: version: '4.21.0', revision: '79ed462ef4'
System info: os.name: 'Windows 10', os.arch: 'amd64', os.version: '10.0', java.version: '11.0.22'
Driver info: net.bytebuddy.renamed.java.lang.Object$ByteBuddy$YhHKjk1S
Capabilities {acceptInsecureCerts: false, browserName: chrome, browserVersion: 126.0.6478.63, chrome: {chromedriverVersion: 125.0.6422.141 (4b1e8393712..., userDataDir: C:\Users\afali\AppData\Loca...}, fedcm:accounts: true, goog:chromeOptions: {debuggerAddress: localhost:55155}, networkConnectionEnabled: false, pageLoadStrategy: normal, platformName: windows, proxy: Proxy(), se:cdp: ws://localhost:55155/devtoo..., se:cdpVersion: 126.0.6478.63, setWindowRect: true, strictFileInteractability: false, timeouts: {implicit: 0, pageLoad: 300000, script: 30000}, unhandledPromptBehavior: dismiss and notify, webauthn:extension:credBlob: true, webauthn:extension:largeBlob: true, webauthn:extension:minPinLength: true, webauthn:extension:prf: true, webauthn:virtualAuthenticators: true}
Session ID: d58a63e4c789092295fa474cebf42602
	at app//org.openqa.selenium.support.ui.WebDriverWait.timeoutException(WebDriverWait.java:84)
	at app//org.openqa.selenium.support.ui.FluentWait.until(FluentWait.java:228)
	at app//com.phonebook.fw.BaseHelper.isAlertPresent(BaseHelper.java:37)
	at app//com.phonebook.tests.LoginTests.loginNegativeWithoutEmailTest(LoginTests.java:63)
	at java.base@11.0.22/jdk.internal.reflect.NativeMethodAccessorImpl.invoke0(Native Method)
	at java.base@11.0.22/jdk.internal.reflect.NativeMethodAccessorImpl.invoke(NativeMethodAccessorImpl.java:62)
	at java.base@11.0.22/jdk.internal.reflect.DelegatingMethodAccessorImpl.invoke(DelegatingMethodAccessorImpl.java:43)
	at java.base@11.0.22/java.lang.reflect.Method.invoke(Method.java:566)
	at app//org.testng.internal.invokers.MethodInvocationHelper.invokeMethod(MethodInvocationHelper.java:141)
	at app//org.testng.internal.invokers.TestInvoker.invokeMethod(TestInvoker.java:686)
	at app//org.testng.internal.invokers.TestInvoker.invokeTestMethod(TestInvoker.java:230)
	at app//org.testng.internal.invokers.MethodRunner.runInSequence(MethodRunner.java:63)
	at app//org.testng.internal.invokers.TestInvoker$MethodInvocationAgent.invoke(TestInvoker.java:992)
	at app//org.testng.internal.invokers.TestInvoker.invokeTestMethods(TestInvoker.java:203)
	at app//org.testng.internal.invokers.TestMethodWorker.invokeTestMethods(TestMethodWorker.java:154)
	at app//org.testng.internal.invokers.TestMethodWorker.run(TestMethodWorker.java:134)
	at java.base@11.0.22/java.util.ArrayList.forEach(ArrayList.java:1541)
	at app//org.testng.TestRunner.privateRun(TestRunner.java:739)
	at app//org.testng.TestRunner.run(TestRunner.java:614)
	at app//org.testng.SuiteRunner.runTest(SuiteRunner.java:421)
	at app//org.testng.SuiteRunner.runSequentially(SuiteRunner.java:413)
	at app//org.testng.SuiteRunner.privateRun(SuiteRunner.java:373)
	at app//org.testng.SuiteRunner.run(SuiteRunner.java:312)
	at app//org.testng.SuiteRunnerWorker.runSuite(SuiteRunnerWorker.java:52)
	at app//org.testng.SuiteRunnerWorker.run(SuiteRunnerWorker.java:95)
	at app//org.testng.TestNG.runSuitesSequentially(TestNG.java:1274)
	at app//org.testng.TestNG.runSuitesLocally(TestNG.java:1208)
	at app//org.testng.TestNG.runSuites(TestNG.java:1112)
	at app//org.testng.TestNG.run(TestNG.java:1079)
	at org.gradle.api.internal.tasks.testing.testng.TestNGTestClassProcessor.runTests(TestNGTestClassProcessor.java:153)
	at org.gradle.api.internal.tasks.testing.testng.TestNGTestClassProcessor.stop(TestNGTestClassProcessor.java:96)
	at org.gradle.api.internal.tasks.testing.SuiteTestClassProcessor.stop(SuiteTestClassProcessor.java:62)
	at java.base@11.0.22/jdk.internal.reflect.NativeMethodAccessorImpl.invoke0(Native Method)
	at java.base@11.0.22/jdk.internal.reflect.NativeMethodAccessorImpl.invoke(NativeMethodAccessorImpl.java:62)
	at java.base@11.0.22/jdk.internal.reflect.DelegatingMethodAccessorImpl.invoke(DelegatingMethodAccessorImpl.java:43)
	at java.base@11.0.22/java.lang.reflect.Method.invoke(Method.java:566)
	at org.gradle.internal.dispatch.ReflectionDispatch.dispatch(ReflectionDispatch.java:36)
	at org.gradle.internal.dispatch.ReflectionDispatch.dispatch(ReflectionDispatch.java:24)
	at org.gradle.internal.dispatch.ContextClassLoaderDispatch.dispatch(ContextClassLoaderDispatch.java:33)
	at org.gradle.internal.dispatch.ProxyDispatchAdapter$DispatchingInvocationHandler.invoke(ProxyDispatchAdapter.java:94)
	at com.sun.proxy.$Proxy2.stop(Unknown Source)
	at org.gradle.api.internal.tasks.testing.worker.TestWorker$3.run(TestWorker.java:193)
	at org.gradle.api.internal.tasks.testing.worker.TestWorker.executeAndMaintainThreadName(TestWorker.java:129)
	at org.gradle.api.internal.tasks.testing.worker.TestWorker.execute(TestWorker.java:100)
	at org.gradle.api.internal.tasks.testing.worker.TestWorker.execute(TestWorker.java:60)
	at org.gradle.process.internal.worker.child.ActionExecutionWorker.execute(ActionExecutionWorker.java:56)
	at org.gradle.process.internal.worker.child.SystemApplicationClassLoaderWorker.call(SystemApplicationClassLoaderWorker.java:119)
	at org.gradle.process.internal.worker.child.SystemApplicationClassLoaderWorker.call(SystemApplicationClassLoaderWorker.java:66)
	at app//worker.org.gradle.process.internal.worker.GradleWorkerMain.run(GradleWorkerMain.java:69)
	at app//worker.org.gradle.process.internal.worker.GradleWorkerMain.main(GradleWorkerMain.java:74)
</failure>
  </testcase>
  <system-out><![CDATA[18:57:44.671 [Test worker] INFO  com.phonebook.tests.TestBase -- Start testloginNegativeWithoutEmailTestwith data: []
18:57:44.673 [Test worker] INFO  com.phonebook.utils.MyListener -- Before find elements -->By.cssSelector: [href='/login']
18:57:44.712 [Test worker] INFO  com.phonebook.utils.MyListener -- After find elements -->By.cssSelector: [href='/login']
18:57:44.713 [Test worker] INFO  com.phonebook.utils.MyListener -- List size is 1
18:57:44.714 [Test worker] INFO  com.phonebook.utils.MyListener -- Before find element -->By.cssSelector: [href='/login']
18:57:44.741 [Test worker] INFO  com.phonebook.utils.MyListener -- After find element -->By.cssSelector: [href='/login']
18:57:44.815 [Test worker] INFO  com.phonebook.utils.MyListener -- Before find element -->By.name: password
18:57:44.846 [Test worker] INFO  com.phonebook.utils.MyListener -- After find element -->By.name: password
18:57:44.921 [Test worker] INFO  com.phonebook.utils.MyListener -- Before find element -->By.name: password
18:57:44.985 [Test worker] INFO  com.phonebook.utils.MyListener -- After find element -->By.name: password
18:57:45.034 [Test worker] INFO  com.phonebook.utils.MyListener -- Before find element -->By.name: password
18:57:45.054 [Test worker] INFO  com.phonebook.utils.MyListener -- After find element -->By.name: password
18:57:45.141 [Test worker] INFO  com.phonebook.utils.MyListener -- Before find element -->By.name: login
18:57:45.171 [Test worker] INFO  com.phonebook.utils.MyListener -- After find element -->By.name: login
18:57:45.242 [Test worker] INFO  com.phonebook.utils.MyListener -- Something went wrong!!!!
18:57:45.242 [Test worker] INFO  com.phonebook.utils.MyListener -- ******************************************************************************
18:57:45.242 [Test worker] INFO  com.phonebook.utils.MyListener -- Method --> alert
18:57:45.243 [Test worker] INFO  com.phonebook.utils.MyListener -- ******************************************************************************
18:57:45.243 [Test worker] INFO  com.phonebook.utils.MyListener -- Target exception --> org.openqa.selenium.NoAlertPresentException: no such alert
  (Session info: chrome=126.0.6478.63)
Build info: version: '4.21.0', revision: '79ed462ef4'
System info: os.name: 'Windows 10', os.arch: 'amd64', os.version: '10.0', java.version: '11.0.22'
Driver info: org.openqa.selenium.chrome.ChromeDriver
Command: [d58a63e4c789092295fa474cebf42602, getAlertText {}]
Capabilities {acceptInsecureCerts: false, browserName: chrome, browserVersion: 126.0.6478.63, chrome: {chromedriverVersion: 125.0.6422.141 (4b1e8393712..., userDataDir: C:\Users\afali\AppData\Loca...}, fedcm:accounts: true, goog:chromeOptions: {debuggerAddress: localhost:55155}, networkConnectionEnabled: false, pageLoadStrategy: normal, platformName: windows, proxy: Proxy(), se:cdp: ws://localhost:55155/devtoo..., se:cdpVersion: 126.0.6478.63, setWindowRect: true, strictFileInteractability: false, timeouts: {implicit: 0, pageLoad: 300000, script: 30000}, unhandledPromptBehavior: dismiss and notify, webauthn:extension:credBlob: true, webauthn:extension:largeBlob: true, webauthn:extension:minPinLength: true, webauthn:extension:prf: true, webauthn:virtualAuthenticators: true}
Session ID: d58a63e4c789092295fa474cebf42602
18:57:45.244 [Test worker] INFO  com.phonebook.utils.MyListener -- ******************************************************************************
18:57:45.790 [Test worker] INFO  com.phonebook.utils.MyListener -- Something went wrong!!!!
18:57:45.792 [Test worker] INFO  com.phonebook.utils.MyListener -- ******************************************************************************
18:57:45.792 [Test worker] INFO  com.phonebook.utils.MyListener -- Method --> alert
18:57:45.792 [Test worker] INFO  com.phonebook.utils.MyListener -- ******************************************************************************
18:57:45.794 [Test worker] INFO  com.phonebook.utils.MyListener -- Target exception --> org.openqa.selenium.NoAlertPresentException: no such alert
  (Session info: chrome=126.0.6478.63)
Build info: version: '4.21.0', revision: '79ed462ef4'
System info: os.name: 'Windows 10', os.arch: 'amd64', os.version: '10.0', java.version: '11.0.22'
Driver info: org.openqa.selenium.chrome.ChromeDriver
Command: [d58a63e4c789092295fa474cebf42602, getAlertText {}]
Capabilities {acceptInsecureCerts: false, browserName: chrome, browserVersion: 126.0.6478.63, chrome: {chromedriverVersion: 125.0.6422.141 (4b1e8393712..., userDataDir: C:\Users\afali\AppData\Loca...}, fedcm:accounts: true, goog:chromeOptions: {debuggerAddress: localhost:55155}, networkConnectionEnabled: false, pageLoadStrategy: normal, platformName: windows, proxy: Proxy(), se:cdp: ws://localhost:55155/devtoo..., se:cdpVersion: 126.0.6478.63, setWindowRect: true, strictFileInteractability: false, timeouts: {implicit: 0, pageLoad: 300000, script: 30000}, unhandledPromptBehavior: dismiss and notify, webauthn:extension:credBlob: true, webauthn:extension:largeBlob: true, webauthn:extension:minPinLength: true, webauthn:extension:prf: true, webauthn:virtualAuthenticators: true}
Session ID: d58a63e4c789092295fa474cebf42602
18:57:45.798 [Test worker] INFO  com.phonebook.utils.MyListener -- ******************************************************************************
18:57:46.351 [Test worker] INFO  com.phonebook.utils.MyListener -- Something went wrong!!!!
18:57:46.352 [Test worker] INFO  com.phonebook.utils.MyListener -- ******************************************************************************
18:57:46.353 [Test worker] INFO  com.phonebook.utils.MyListener -- Method --> alert
18:57:46.354 [Test worker] INFO  com.phonebook.utils.MyListener -- ******************************************************************************
18:57:46.355 [Test worker] INFO  com.phonebook.utils.MyListener -- Target exception --> org.openqa.selenium.NoAlertPresentException: no such alert
  (Session info: chrome=126.0.6478.63)
Build info: version: '4.21.0', revision: '79ed462ef4'
System info: os.name: 'Windows 10', os.arch: 'amd64', os.version: '10.0', java.version: '11.0.22'
Driver info: org.openqa.selenium.chrome.ChromeDriver
Command: [d58a63e4c789092295fa474cebf42602, getAlertText {}]
Capabilities {acceptInsecureCerts: false, browserName: chrome, browserVersion: 126.0.6478.63, chrome: {chromedriverVersion: 125.0.6422.141 (4b1e8393712..., userDataDir: C:\Users\afali\AppData\Loca...}, fedcm:accounts: true, goog:chromeOptions: {debuggerAddress: localhost:55155}, networkConnectionEnabled: false, pageLoadStrategy: normal, platformName: windows, proxy: Proxy(), se:cdp: ws://localhost:55155/devtoo..., se:cdpVersion: 126.0.6478.63, setWindowRect: true, strictFileInteractability: false, timeouts: {implicit: 0, pageLoad: 300000, script: 30000}, unhandledPromptBehavior: dismiss and notify, webauthn:extension:credBlob: true, webauthn:extension:largeBlob: true, webauthn:extension:minPinLength: true, webauthn:extension:prf: true, webauthn:virtualAuthenticators: true}
Session ID: d58a63e4c789092295fa474cebf42602
18:57:46.357 [Test worker] INFO  com.phonebook.utils.MyListener -- ******************************************************************************
18:57:46.905 [Test worker] INFO  com.phonebook.utils.MyListener -- Something went wrong!!!!
18:57:46.906 [Test worker] INFO  com.phonebook.utils.MyListener -- ******************************************************************************
18:57:46.907 [Test worker] INFO  com.phonebook.utils.MyListener -- Method --> alert
18:57:46.909 [Test worker] INFO  com.phonebook.utils.MyListener -- ******************************************************************************
18:57:46.910 [Test worker] INFO  com.phonebook.utils.MyListener -- Target exception --> org.openqa.selenium.NoAlertPresentException: no such alert
  (Session info: chrome=126.0.6478.63)
Build info: version: '4.21.0', revision: '79ed462ef4'
System info: os.name: 'Windows 10', os.arch: 'amd64', os.version: '10.0', java.version: '11.0.22'
Driver info: org.openqa.selenium.chrome.ChromeDriver
Command: [d58a63e4c789092295fa474cebf42602, getAlertText {}]
Capabilities {acceptInsecureCerts: false, browserName: chrome, browserVersion: 126.0.6478.63, chrome: {chromedriverVersion: 125.0.6422.141 (4b1e8393712..., userDataDir: C:\Users\afali\AppData\Loca...}, fedcm:accounts: true, goog:chromeOptions: {debuggerAddress: localhost:55155}, networkConnectionEnabled: false, pageLoadStrategy: normal, platformName: windows, proxy: Proxy(), se:cdp: ws://localhost:55155/devtoo..., se:cdpVersion: 126.0.6478.63, setWindowRect: true, strictFileInteractability: false, timeouts: {implicit: 0, pageLoad: 300000, script: 30000}, unhandledPromptBehavior: dismiss and notify, webauthn:extension:credBlob: true, webauthn:extension:largeBlob: true, webauthn:extension:minPinLength: true, webauthn:extension:prf: true, webauthn:virtualAuthenticators: true}
Session ID: d58a63e4c789092295fa474cebf42602
18:57:46.913 [Test worker] INFO  com.phonebook.utils.MyListener -- ******************************************************************************
18:57:47.464 [Test worker] INFO  com.phonebook.utils.MyListener -- Something went wrong!!!!
18:57:47.465 [Test worker] INFO  com.phonebook.utils.MyListener -- ******************************************************************************
18:57:47.466 [Test worker] INFO  com.phonebook.utils.MyListener -- Method --> alert
18:57:47.468 [Test worker] INFO  com.phonebook.utils.MyListener -- ******************************************************************************
18:57:47.470 [Test worker] INFO  com.phonebook.utils.MyListener -- Target exception --> org.openqa.selenium.NoAlertPresentException: no such alert
  (Session info: chrome=126.0.6478.63)
Build info: version: '4.21.0', revision: '79ed462ef4'
System info: os.name: 'Windows 10', os.arch: 'amd64', os.version: '10.0', java.version: '11.0.22'
Driver info: org.openqa.selenium.chrome.ChromeDriver
Command: [d58a63e4c789092295fa474cebf42602, getAlertText {}]
Capabilities {acceptInsecureCerts: false, browserName: chrome, browserVersion: 126.0.6478.63, chrome: {chromedriverVersion: 125.0.6422.141 (4b1e8393712..., userDataDir: C:\Users\afali\AppData\Loca...}, fedcm:accounts: true, goog:chromeOptions: {debuggerAddress: localhost:55155}, networkConnectionEnabled: false, pageLoadStrategy: normal, platformName: windows, proxy: Proxy(), se:cdp: ws://localhost:55155/devtoo..., se:cdpVersion: 126.0.6478.63, setWindowRect: true, strictFileInteractability: false, timeouts: {implicit: 0, pageLoad: 300000, script: 30000}, unhandledPromptBehavior: dismiss and notify, webauthn:extension:credBlob: true, webauthn:extension:largeBlob: true, webauthn:extension:minPinLength: true, webauthn:extension:prf: true, webauthn:virtualAuthenticators: true}
Session ID: d58a63e4c789092295fa474cebf42602
18:57:47.473 [Test worker] INFO  com.phonebook.utils.MyListener -- ******************************************************************************
18:57:48.019 [Test worker] INFO  com.phonebook.utils.MyListener -- Something went wrong!!!!
18:57:48.021 [Test worker] INFO  com.phonebook.utils.MyListener -- ******************************************************************************
18:57:48.022 [Test worker] INFO  com.phonebook.utils.MyListener -- Method --> alert
18:57:48.024 [Test worker] INFO  com.phonebook.utils.MyListener -- ******************************************************************************
18:57:48.024 [Test worker] INFO  com.phonebook.utils.MyListener -- Target exception --> org.openqa.selenium.NoAlertPresentException: no such alert
  (Session info: chrome=126.0.6478.63)
Build info: version: '4.21.0', revision: '79ed462ef4'
System info: os.name: 'Windows 10', os.arch: 'amd64', os.version: '10.0', java.version: '11.0.22'
Driver info: org.openqa.selenium.chrome.ChromeDriver
Command: [d58a63e4c789092295fa474cebf42602, getAlertText {}]
Capabilities {acceptInsecureCerts: false, browserName: chrome, browserVersion: 126.0.6478.63, chrome: {chromedriverVersion: 125.0.6422.141 (4b1e8393712..., userDataDir: C:\Users\afali\AppData\Loca...}, fedcm:accounts: true, goog:chromeOptions: {debuggerAddress: localhost:55155}, networkConnectionEnabled: false, pageLoadStrategy: normal, platformName: windows, proxy: Proxy(), se:cdp: ws://localhost:55155/devtoo..., se:cdpVersion: 126.0.6478.63, setWindowRect: true, strictFileInteractability: false, timeouts: {implicit: 0, pageLoad: 300000, script: 30000}, unhandledPromptBehavior: dismiss and notify, webauthn:extension:credBlob: true, webauthn:extension:largeBlob: true, webauthn:extension:minPinLength: true, webauthn:extension:prf: true, webauthn:virtualAuthenticators: true}
Session ID: d58a63e4c789092295fa474cebf42602
18:57:48.027 [Test worker] INFO  com.phonebook.utils.MyListener -- ******************************************************************************
18:57:48.576 [Test worker] INFO  com.phonebook.utils.MyListener -- Something went wrong!!!!
18:57:48.577 [Test worker] INFO  com.phonebook.utils.MyListener -- ******************************************************************************
18:57:48.579 [Test worker] INFO  com.phonebook.utils.MyListener -- Method --> alert
18:57:48.579 [Test worker] INFO  com.phonebook.utils.MyListener -- ******************************************************************************
18:57:48.581 [Test worker] INFO  com.phonebook.utils.MyListener -- Target exception --> org.openqa.selenium.NoAlertPresentException: no such alert
  (Session info: chrome=126.0.6478.63)
Build info: version: '4.21.0', revision: '79ed462ef4'
System info: os.name: 'Windows 10', os.arch: 'amd64', os.version: '10.0', java.version: '11.0.22'
Driver info: org.openqa.selenium.chrome.ChromeDriver
Command: [d58a63e4c789092295fa474cebf42602, getAlertText {}]
Capabilities {acceptInsecureCerts: false, browserName: chrome, browserVersion: 126.0.6478.63, chrome: {chromedriverVersion: 125.0.6422.141 (4b1e8393712..., userDataDir: C:\Users\afali\AppData\Loca...}, fedcm:accounts: true, goog:chromeOptions: {debuggerAddress: localhost:55155}, networkConnectionEnabled: false, pageLoadStrategy: normal, platformName: windows, proxy: Proxy(), se:cdp: ws://localhost:55155/devtoo..., se:cdpVersion: 126.0.6478.63, setWindowRect: true, strictFileInteractability: false, timeouts: {implicit: 0, pageLoad: 300000, script: 30000}, unhandledPromptBehavior: dismiss and notify, webauthn:extension:credBlob: true, webauthn:extension:largeBlob: true, webauthn:extension:minPinLength: true, webauthn:extension:prf: true, webauthn:virtualAuthenticators: true}
Session ID: d58a63e4c789092295fa474cebf42602
18:57:48.582 [Test worker] INFO  com.phonebook.utils.MyListener -- ******************************************************************************
18:57:49.130 [Test worker] INFO  com.phonebook.utils.MyListener -- Something went wrong!!!!
18:57:49.132 [Test worker] INFO  com.phonebook.utils.MyListener -- ******************************************************************************
18:57:49.133 [Test worker] INFO  com.phonebook.utils.MyListener -- Method --> alert
18:57:49.133 [Test worker] INFO  com.phonebook.utils.MyListener -- ******************************************************************************
18:57:49.135 [Test worker] INFO  com.phonebook.utils.MyListener -- Target exception --> org.openqa.selenium.NoAlertPresentException: no such alert
  (Session info: chrome=126.0.6478.63)
Build info: version: '4.21.0', revision: '79ed462ef4'
System info: os.name: 'Windows 10', os.arch: 'amd64', os.version: '10.0', java.version: '11.0.22'
Driver info: org.openqa.selenium.chrome.ChromeDriver
Command: [d58a63e4c789092295fa474cebf42602, getAlertText {}]
Capabilities {acceptInsecureCerts: false, browserName: chrome, browserVersion: 126.0.6478.63, chrome: {chromedriverVersion: 125.0.6422.141 (4b1e8393712..., userDataDir: C:\Users\afali\AppData\Loca...}, fedcm:accounts: true, goog:chromeOptions: {debuggerAddress: localhost:55155}, networkConnectionEnabled: false, pageLoadStrategy: normal, platformName: windows, proxy: Proxy(), se:cdp: ws://localhost:55155/devtoo..., se:cdpVersion: 126.0.6478.63, setWindowRect: true, strictFileInteractability: false, timeouts: {implicit: 0, pageLoad: 300000, script: 30000}, unhandledPromptBehavior: dismiss and notify, webauthn:extension:credBlob: true, webauthn:extension:largeBlob: true, webauthn:extension:minPinLength: true, webauthn:extension:prf: true, webauthn:virtualAuthenticators: true}
Session ID: d58a63e4c789092295fa474cebf42602
18:57:49.137 [Test worker] INFO  com.phonebook.utils.MyListener -- ******************************************************************************
18:57:49.674 [Test worker] INFO  com.phonebook.utils.MyListener -- Something went wrong!!!!
18:57:49.675 [Test worker] INFO  com.phonebook.utils.MyListener -- ******************************************************************************
18:57:49.676 [Test worker] INFO  com.phonebook.utils.MyListener -- Method --> alert
18:57:49.677 [Test worker] INFO  com.phonebook.utils.MyListener -- ******************************************************************************
18:57:49.678 [Test worker] INFO  com.phonebook.utils.MyListener -- Target exception --> org.openqa.selenium.NoAlertPresentException: no such alert
  (Session info: chrome=126.0.6478.63)
Build info: version: '4.21.0', revision: '79ed462ef4'
System info: os.name: 'Windows 10', os.arch: 'amd64', os.version: '10.0', java.version: '11.0.22'
Driver info: org.openqa.selenium.chrome.ChromeDriver
Command: [d58a63e4c789092295fa474cebf42602, getAlertText {}]
Capabilities {acceptInsecureCerts: false, browserName: chrome, browserVersion: 126.0.6478.63, chrome: {chromedriverVersion: 125.0.6422.141 (4b1e8393712..., userDataDir: C:\Users\afali\AppData\Loca...}, fedcm:accounts: true, goog:chromeOptions: {debuggerAddress: localhost:55155}, networkConnectionEnabled: false, pageLoadStrategy: normal, platformName: windows, proxy: Proxy(), se:cdp: ws://localhost:55155/devtoo..., se:cdpVersion: 126.0.6478.63, setWindowRect: true, strictFileInteractability: false, timeouts: {implicit: 0, pageLoad: 300000, script: 30000}, unhandledPromptBehavior: dismiss and notify, webauthn:extension:credBlob: true, webauthn:extension:largeBlob: true, webauthn:extension:minPinLength: true, webauthn:extension:prf: true, webauthn:virtualAuthenticators: true}
Session ID: d58a63e4c789092295fa474cebf42602
18:57:49.680 [Test worker] INFO  com.phonebook.utils.MyListener -- ******************************************************************************
18:57:50.226 [Test worker] INFO  com.phonebook.utils.MyListener -- Something went wrong!!!!
18:57:50.227 [Test worker] INFO  com.phonebook.utils.MyListener -- ******************************************************************************
18:57:50.228 [Test worker] INFO  com.phonebook.utils.MyListener -- Method --> alert
18:57:50.229 [Test worker] INFO  com.phonebook.utils.MyListener -- ******************************************************************************
18:57:50.231 [Test worker] INFO  com.phonebook.utils.MyListener -- Target exception --> org.openqa.selenium.NoAlertPresentException: no such alert
  (Session info: chrome=126.0.6478.63)
Build info: version: '4.21.0', revision: '79ed462ef4'
System info: os.name: 'Windows 10', os.arch: 'amd64', os.version: '10.0', java.version: '11.0.22'
Driver info: org.openqa.selenium.chrome.ChromeDriver
Command: [d58a63e4c789092295fa474cebf42602, getAlertText {}]
Capabilities {acceptInsecureCerts: false, browserName: chrome, browserVersion: 126.0.6478.63, chrome: {chromedriverVersion: 125.0.6422.141 (4b1e8393712..., userDataDir: C:\Users\afali\AppData\Loca...}, fedcm:accounts: true, goog:chromeOptions: {debuggerAddress: localhost:55155}, networkConnectionEnabled: false, pageLoadStrategy: normal, platformName: windows, proxy: Proxy(), se:cdp: ws://localhost:55155/devtoo..., se:cdpVersion: 126.0.6478.63, setWindowRect: true, strictFileInteractability: false, timeouts: {implicit: 0, pageLoad: 300000, script: 30000}, unhandledPromptBehavior: dismiss and notify, webauthn:extension:credBlob: true, webauthn:extension:largeBlob: true, webauthn:extension:minPinLength: true, webauthn:extension:prf: true, webauthn:virtualAuthenticators: true}
Session ID: d58a63e4c789092295fa474cebf42602
18:57:50.233 [Test worker] INFO  com.phonebook.utils.MyListener -- ******************************************************************************
18:57:50.760 [Test worker] INFO  com.phonebook.utils.MyListener -- Something went wrong!!!!
18:57:50.760 [Test worker] INFO  com.phonebook.utils.MyListener -- ******************************************************************************
18:57:50.760 [Test worker] INFO  com.phonebook.utils.MyListener -- Method --> alert
18:57:50.760 [Test worker] INFO  com.phonebook.utils.MyListener -- ******************************************************************************
18:57:50.761 [Test worker] INFO  com.phonebook.utils.MyListener -- Target exception --> org.openqa.selenium.NoAlertPresentException: no such alert
  (Session info: chrome=126.0.6478.63)
Build info: version: '4.21.0', revision: '79ed462ef4'
System info: os.name: 'Windows 10', os.arch: 'amd64', os.version: '10.0', java.version: '11.0.22'
Driver info: org.openqa.selenium.chrome.ChromeDriver
Command: [d58a63e4c789092295fa474cebf42602, getAlertText {}]
Capabilities {acceptInsecureCerts: false, browserName: chrome, browserVersion: 126.0.6478.63, chrome: {chromedriverVersion: 125.0.6422.141 (4b1e8393712..., userDataDir: C:\Users\afali\AppData\Loca...}, fedcm:accounts: true, goog:chromeOptions: {debuggerAddress: localhost:55155}, networkConnectionEnabled: false, pageLoadStrategy: normal, platformName: windows, proxy: Proxy(), se:cdp: ws://localhost:55155/devtoo..., se:cdpVersion: 126.0.6478.63, setWindowRect: true, strictFileInteractability: false, timeouts: {implicit: 0, pageLoad: 300000, script: 30000}, unhandledPromptBehavior: dismiss and notify, webauthn:extension:credBlob: true, webauthn:extension:largeBlob: true, webauthn:extension:minPinLength: true, webauthn:extension:prf: true, webauthn:virtualAuthenticators: true}
Session ID: d58a63e4c789092295fa474cebf42602
18:57:50.762 [Test worker] INFO  com.phonebook.utils.MyListener -- ******************************************************************************
18:57:51.287 [Test worker] INFO  com.phonebook.utils.MyListener -- Something went wrong!!!!
18:57:51.288 [Test worker] INFO  com.phonebook.utils.MyListener -- ******************************************************************************
18:57:51.289 [Test worker] INFO  com.phonebook.utils.MyListener -- Method --> alert
18:57:51.289 [Test worker] INFO  com.phonebook.utils.MyListener -- ******************************************************************************
18:57:51.289 [Test worker] INFO  com.phonebook.utils.MyListener -- Target exception --> org.openqa.selenium.NoAlertPresentException: no such alert
  (Session info: chrome=126.0.6478.63)
Build info: version: '4.21.0', revision: '79ed462ef4'
System info: os.name: 'Windows 10', os.arch: 'amd64', os.version: '10.0', java.version: '11.0.22'
Driver info: org.openqa.selenium.chrome.ChromeDriver
Command: [d58a63e4c789092295fa474cebf42602, getAlertText {}]
Capabilities {acceptInsecureCerts: false, browserName: chrome, browserVersion: 126.0.6478.63, chrome: {chromedriverVersion: 125.0.6422.141 (4b1e8393712..., userDataDir: C:\Users\afali\AppData\Loca...}, fedcm:accounts: true, goog:chromeOptions: {debuggerAddress: localhost:55155}, networkConnectionEnabled: false, pageLoadStrategy: normal, platformName: windows, proxy: Proxy(), se:cdp: ws://localhost:55155/devtoo..., se:cdpVersion: 126.0.6478.63, setWindowRect: true, strictFileInteractability: false, timeouts: {implicit: 0, pageLoad: 300000, script: 30000}, unhandledPromptBehavior: dismiss and notify, webauthn:extension:credBlob: true, webauthn:extension:largeBlob: true, webauthn:extension:minPinLength: true, webauthn:extension:prf: true, webauthn:virtualAuthenticators: true}
Session ID: d58a63e4c789092295fa474cebf42602
18:57:51.289 [Test worker] INFO  com.phonebook.utils.MyListener -- ******************************************************************************
18:57:51.822 [Test worker] INFO  com.phonebook.utils.MyListener -- Something went wrong!!!!
18:57:51.823 [Test worker] INFO  com.phonebook.utils.MyListener -- ******************************************************************************
18:57:51.824 [Test worker] INFO  com.phonebook.utils.MyListener -- Method --> alert
18:57:51.825 [Test worker] INFO  com.phonebook.utils.MyListener -- ******************************************************************************
18:57:51.826 [Test worker] INFO  com.phonebook.utils.MyListener -- Target exception --> org.openqa.selenium.NoAlertPresentException: no such alert
  (Session info: chrome=126.0.6478.63)
Build info: version: '4.21.0', revision: '79ed462ef4'
System info: os.name: 'Windows 10', os.arch: 'amd64', os.version: '10.0', java.version: '11.0.22'
Driver info: org.openqa.selenium.chrome.ChromeDriver
Command: [d58a63e4c789092295fa474cebf42602, getAlertText {}]
Capabilities {acceptInsecureCerts: false, browserName: chrome, browserVersion: 126.0.6478.63, chrome: {chromedriverVersion: 125.0.6422.141 (4b1e8393712..., userDataDir: C:\Users\afali\AppData\Loca...}, fedcm:accounts: true, goog:chromeOptions: {debuggerAddress: localhost:55155}, networkConnectionEnabled: false, pageLoadStrategy: normal, platformName: windows, proxy: Proxy(), se:cdp: ws://localhost:55155/devtoo..., se:cdpVersion: 126.0.6478.63, setWindowRect: true, strictFileInteractability: false, timeouts: {implicit: 0, pageLoad: 300000, script: 30000}, unhandledPromptBehavior: dismiss and notify, webauthn:extension:credBlob: true, webauthn:extension:largeBlob: true, webauthn:extension:minPinLength: true, webauthn:extension:prf: true, webauthn:virtualAuthenticators: true}
Session ID: d58a63e4c789092295fa474cebf42602
18:57:51.829 [Test worker] INFO  com.phonebook.utils.MyListener -- ******************************************************************************
18:57:52.433 [Test worker] INFO  com.phonebook.utils.MyListener -- Something went wrong!!!!
18:57:52.435 [Test worker] INFO  com.phonebook.utils.MyListener -- ******************************************************************************
18:57:52.437 [Test worker] INFO  com.phonebook.utils.MyListener -- Method --> alert
18:57:52.438 [Test worker] INFO  com.phonebook.utils.MyListener -- ******************************************************************************
18:57:52.439 [Test worker] INFO  com.phonebook.utils.MyListener -- Target exception --> org.openqa.selenium.NoAlertPresentException: no such alert
  (Session info: chrome=126.0.6478.63)
Build info: version: '4.21.0', revision: '79ed462ef4'
System info: os.name: 'Windows 10', os.arch: 'amd64', os.version: '10.0', java.version: '11.0.22'
Driver info: org.openqa.selenium.chrome.ChromeDriver
Command: [d58a63e4c789092295fa474cebf42602, getAlertText {}]
Capabilities {acceptInsecureCerts: false, browserName: chrome, browserVersion: 126.0.6478.63, chrome: {chromedriverVersion: 125.0.6422.141 (4b1e8393712..., userDataDir: C:\Users\afali\AppData\Loca...}, fedcm:accounts: true, goog:chromeOptions: {debuggerAddress: localhost:55155}, networkConnectionEnabled: false, pageLoadStrategy: normal, platformName: windows, proxy: Proxy(), se:cdp: ws://localhost:55155/devtoo..., se:cdpVersion: 126.0.6478.63, setWindowRect: true, strictFileInteractability: false, timeouts: {implicit: 0, pageLoad: 300000, script: 30000}, unhandledPromptBehavior: dismiss and notify, webauthn:extension:credBlob: true, webauthn:extension:largeBlob: true, webauthn:extension:minPinLength: true, webauthn:extension:prf: true, webauthn:virtualAuthenticators: true}
Session ID: d58a63e4c789092295fa474cebf42602
18:57:52.442 [Test worker] INFO  com.phonebook.utils.MyListener -- ******************************************************************************
18:57:52.959 [Test worker] INFO  com.phonebook.utils.MyListener -- Something went wrong!!!!
18:57:52.959 [Test worker] INFO  com.phonebook.utils.MyListener -- ******************************************************************************
18:57:52.960 [Test worker] INFO  com.phonebook.utils.MyListener -- Method --> alert
18:57:52.960 [Test worker] INFO  com.phonebook.utils.MyListener -- ******************************************************************************
18:57:52.960 [Test worker] INFO  com.phonebook.utils.MyListener -- Target exception --> org.openqa.selenium.NoAlertPresentException: no such alert
  (Session info: chrome=126.0.6478.63)
Build info: version: '4.21.0', revision: '79ed462ef4'
System info: os.name: 'Windows 10', os.arch: 'amd64', os.version: '10.0', java.version: '11.0.22'
Driver info: org.openqa.selenium.chrome.ChromeDriver
Command: [d58a63e4c789092295fa474cebf42602, getAlertText {}]
Capabilities {acceptInsecureCerts: false, browserName: chrome, browserVersion: 126.0.6478.63, chrome: {chromedriverVersion: 125.0.6422.141 (4b1e8393712..., userDataDir: C:\Users\afali\AppData\Loca...}, fedcm:accounts: true, goog:chromeOptions: {debuggerAddress: localhost:55155}, networkConnectionEnabled: false, pageLoadStrategy: normal, platformName: windows, proxy: Proxy(), se:cdp: ws://localhost:55155/devtoo..., se:cdpVersion: 126.0.6478.63, setWindowRect: true, strictFileInteractability: false, timeouts: {implicit: 0, pageLoad: 300000, script: 30000}, unhandledPromptBehavior: dismiss and notify, webauthn:extension:credBlob: true, webauthn:extension:largeBlob: true, webauthn:extension:minPinLength: true, webauthn:extension:prf: true, webauthn:virtualAuthenticators: true}
Session ID: d58a63e4c789092295fa474cebf42602
18:57:52.960 [Test worker] INFO  com.phonebook.utils.MyListener -- ******************************************************************************
18:57:53.486 [Test worker] INFO  com.phonebook.utils.MyListener -- Something went wrong!!!!
18:57:53.486 [Test worker] INFO  com.phonebook.utils.MyListener -- ******************************************************************************
18:57:53.487 [Test worker] INFO  com.phonebook.utils.MyListener -- Method --> alert
18:57:53.487 [Test worker] INFO  com.phonebook.utils.MyListener -- ******************************************************************************
18:57:53.487 [Test worker] INFO  com.phonebook.utils.MyListener -- Target exception --> org.openqa.selenium.NoAlertPresentException: no such alert
  (Session info: chrome=126.0.6478.63)
Build info: version: '4.21.0', revision: '79ed462ef4'
System info: os.name: 'Windows 10', os.arch: 'amd64', os.version: '10.0', java.version: '11.0.22'
Driver info: org.openqa.selenium.chrome.ChromeDriver
Command: [d58a63e4c789092295fa474cebf42602, getAlertText {}]
Capabilities {acceptInsecureCerts: false, browserName: chrome, browserVersion: 126.0.6478.63, chrome: {chromedriverVersion: 125.0.6422.141 (4b1e8393712..., userDataDir: C:\Users\afali\AppData\Loca...}, fedcm:accounts: true, goog:chromeOptions: {debuggerAddress: localhost:55155}, networkConnectionEnabled: false, pageLoadStrategy: normal, platformName: windows, proxy: Proxy(), se:cdp: ws://localhost:55155/devtoo..., se:cdpVersion: 126.0.6478.63, setWindowRect: true, strictFileInteractability: false, timeouts: {implicit: 0, pageLoad: 300000, script: 30000}, unhandledPromptBehavior: dismiss and notify, webauthn:extension:credBlob: true, webauthn:extension:largeBlob: true, webauthn:extension:minPinLength: true, webauthn:extension:prf: true, webauthn:virtualAuthenticators: true}
Session ID: d58a63e4c789092295fa474cebf42602
18:57:53.488 [Test worker] INFO  com.phonebook.utils.MyListener -- ******************************************************************************
18:57:54.024 [Test worker] INFO  com.phonebook.utils.MyListener -- Something went wrong!!!!
18:57:54.024 [Test worker] INFO  com.phonebook.utils.MyListener -- ******************************************************************************
18:57:54.024 [Test worker] INFO  com.phonebook.utils.MyListener -- Method --> alert
18:57:54.024 [Test worker] INFO  com.phonebook.utils.MyListener -- ******************************************************************************
18:57:54.025 [Test worker] INFO  com.phonebook.utils.MyListener -- Target exception --> org.openqa.selenium.NoAlertPresentException: no such alert
  (Session info: chrome=126.0.6478.63)
Build info: version: '4.21.0', revision: '79ed462ef4'
System info: os.name: 'Windows 10', os.arch: 'amd64', os.version: '10.0', java.version: '11.0.22'
Driver info: org.openqa.selenium.chrome.ChromeDriver
Command: [d58a63e4c789092295fa474cebf42602, getAlertText {}]
Capabilities {acceptInsecureCerts: false, browserName: chrome, browserVersion: 126.0.6478.63, chrome: {chromedriverVersion: 125.0.6422.141 (4b1e8393712..., userDataDir: C:\Users\afali\AppData\Loca...}, fedcm:accounts: true, goog:chromeOptions: {debuggerAddress: localhost:55155}, networkConnectionEnabled: false, pageLoadStrategy: normal, platformName: windows, proxy: Proxy(), se:cdp: ws://localhost:55155/devtoo..., se:cdpVersion: 126.0.6478.63, setWindowRect: true, strictFileInteractability: false, timeouts: {implicit: 0, pageLoad: 300000, script: 30000}, unhandledPromptBehavior: dismiss and notify, webauthn:extension:credBlob: true, webauthn:extension:largeBlob: true, webauthn:extension:minPinLength: true, webauthn:extension:prf: true, webauthn:virtualAuthenticators: true}
Session ID: d58a63e4c789092295fa474cebf42602
18:57:54.025 [Test worker] INFO  com.phonebook.utils.MyListener -- ******************************************************************************
18:57:54.543 [Test worker] INFO  com.phonebook.utils.MyListener -- Something went wrong!!!!
18:57:54.543 [Test worker] INFO  com.phonebook.utils.MyListener -- ******************************************************************************
18:57:54.543 [Test worker] INFO  com.phonebook.utils.MyListener -- Method --> alert
18:57:54.543 [Test worker] INFO  com.phonebook.utils.MyListener -- ******************************************************************************
18:57:54.544 [Test worker] INFO  com.phonebook.utils.MyListener -- Target exception --> org.openqa.selenium.NoAlertPresentException: no such alert
  (Session info: chrome=126.0.6478.63)
Build info: version: '4.21.0', revision: '79ed462ef4'
System info: os.name: 'Windows 10', os.arch: 'amd64', os.version: '10.0', java.version: '11.0.22'
Driver info: org.openqa.selenium.chrome.ChromeDriver
Command: [d58a63e4c789092295fa474cebf42602, getAlertText {}]
Capabilities {acceptInsecureCerts: false, browserName: chrome, browserVersion: 126.0.6478.63, chrome: {chromedriverVersion: 125.0.6422.141 (4b1e8393712..., userDataDir: C:\Users\afali\AppData\Loca...}, fedcm:accounts: true, goog:chromeOptions: {debuggerAddress: localhost:55155}, networkConnectionEnabled: false, pageLoadStrategy: normal, platformName: windows, proxy: Proxy(), se:cdp: ws://localhost:55155/devtoo..., se:cdpVersion: 126.0.6478.63, setWindowRect: true, strictFileInteractability: false, timeouts: {implicit: 0, pageLoad: 300000, script: 30000}, unhandledPromptBehavior: dismiss and notify, webauthn:extension:credBlob: true, webauthn:extension:largeBlob: true, webauthn:extension:minPinLength: true, webauthn:extension:prf: true, webauthn:virtualAuthenticators: true}
Session ID: d58a63e4c789092295fa474cebf42602
18:57:54.544 [Test worker] INFO  com.phonebook.utils.MyListener -- ******************************************************************************
18:57:55.072 [Test worker] INFO  com.phonebook.utils.MyListener -- Something went wrong!!!!
18:57:55.072 [Test worker] INFO  com.phonebook.utils.MyListener -- ******************************************************************************
18:57:55.073 [Test worker] INFO  com.phonebook.utils.MyListener -- Method --> alert
18:57:55.073 [Test worker] INFO  com.phonebook.utils.MyListener -- ******************************************************************************
18:57:55.074 [Test worker] INFO  com.phonebook.utils.MyListener -- Target exception --> org.openqa.selenium.NoAlertPresentException: no such alert
  (Session info: chrome=126.0.6478.63)
Build info: version: '4.21.0', revision: '79ed462ef4'
System info: os.name: 'Windows 10', os.arch: 'amd64', os.version: '10.0', java.version: '11.0.22'
Driver info: org.openqa.selenium.chrome.ChromeDriver
Command: [d58a63e4c789092295fa474cebf42602, getAlertText {}]
Capabilities {acceptInsecureCerts: false, browserName: chrome, browserVersion: 126.0.6478.63, chrome: {chromedriverVersion: 125.0.6422.141 (4b1e8393712..., userDataDir: C:\Users\afali\AppData\Loca...}, fedcm:accounts: true, goog:chromeOptions: {debuggerAddress: localhost:55155}, networkConnectionEnabled: false, pageLoadStrategy: normal, platformName: windows, proxy: Proxy(), se:cdp: ws://localhost:55155/devtoo..., se:cdpVersion: 126.0.6478.63, setWindowRect: true, strictFileInteractability: false, timeouts: {implicit: 0, pageLoad: 300000, script: 30000}, unhandledPromptBehavior: dismiss and notify, webauthn:extension:credBlob: true, webauthn:extension:largeBlob: true, webauthn:extension:minPinLength: true, webauthn:extension:prf: true, webauthn:virtualAuthenticators: true}
Session ID: d58a63e4c789092295fa474cebf42602
18:57:55.075 [Test worker] INFO  com.phonebook.utils.MyListener -- ******************************************************************************
18:57:55.607 [Test worker] INFO  com.phonebook.utils.MyListener -- Something went wrong!!!!
18:57:55.608 [Test worker] INFO  com.phonebook.utils.MyListener -- ******************************************************************************
18:57:55.608 [Test worker] INFO  com.phonebook.utils.MyListener -- Method --> alert
18:57:55.608 [Test worker] INFO  com.phonebook.utils.MyListener -- ******************************************************************************
18:57:55.609 [Test worker] INFO  com.phonebook.utils.MyListener -- Target exception --> org.openqa.selenium.NoAlertPresentException: no such alert
  (Session info: chrome=126.0.6478.63)
Build info: version: '4.21.0', revision: '79ed462ef4'
System info: os.name: 'Windows 10', os.arch: 'amd64', os.version: '10.0', java.version: '11.0.22'
Driver info: org.openqa.selenium.chrome.ChromeDriver
Command: [d58a63e4c789092295fa474cebf42602, getAlertText {}]
Capabilities {acceptInsecureCerts: false, browserName: chrome, browserVersion: 126.0.6478.63, chrome: {chromedriverVersion: 125.0.6422.141 (4b1e8393712..., userDataDir: C:\Users\afali\AppData\Loca...}, fedcm:accounts: true, goog:chromeOptions: {debuggerAddress: localhost:55155}, networkConnectionEnabled: false, pageLoadStrategy: normal, platformName: windows, proxy: Proxy(), se:cdp: ws://localhost:55155/devtoo..., se:cdpVersion: 126.0.6478.63, setWindowRect: true, strictFileInteractability: false, timeouts: {implicit: 0, pageLoad: 300000, script: 30000}, unhandledPromptBehavior: dismiss and notify, webauthn:extension:credBlob: true, webauthn:extension:largeBlob: true, webauthn:extension:minPinLength: true, webauthn:extension:prf: true, webauthn:virtualAuthenticators: true}
Session ID: d58a63e4c789092295fa474cebf42602
18:57:55.610 [Test worker] INFO  com.phonebook.utils.MyListener -- ******************************************************************************
18:57:56.130 [Test worker] INFO  com.phonebook.utils.MyListener -- Something went wrong!!!!
18:57:56.130 [Test worker] INFO  com.phonebook.utils.MyListener -- ******************************************************************************
18:57:56.131 [Test worker] INFO  com.phonebook.utils.MyListener -- Method --> alert
18:57:56.131 [Test worker] INFO  com.phonebook.utils.MyListener -- ******************************************************************************
18:57:56.131 [Test worker] INFO  com.phonebook.utils.MyListener -- Target exception --> org.openqa.selenium.NoAlertPresentException: no such alert
  (Session info: chrome=126.0.6478.63)
Build info: version: '4.21.0', revision: '79ed462ef4'
System info: os.name: 'Windows 10', os.arch: 'amd64', os.version: '10.0', java.version: '11.0.22'
Driver info: org.openqa.selenium.chrome.ChromeDriver
Command: [d58a63e4c789092295fa474cebf42602, getAlertText {}]
Capabilities {acceptInsecureCerts: false, browserName: chrome, browserVersion: 126.0.6478.63, chrome: {chromedriverVersion: 125.0.6422.141 (4b1e8393712..., userDataDir: C:\Users\afali\AppData\Loca...}, fedcm:accounts: true, goog:chromeOptions: {debuggerAddress: localhost:55155}, networkConnectionEnabled: false, pageLoadStrategy: normal, platformName: windows, proxy: Proxy(), se:cdp: ws://localhost:55155/devtoo..., se:cdpVersion: 126.0.6478.63, setWindowRect: true, strictFileInteractability: false, timeouts: {implicit: 0, pageLoad: 300000, script: 30000}, unhandledPromptBehavior: dismiss and notify, webauthn:extension:credBlob: true, webauthn:extension:largeBlob: true, webauthn:extension:minPinLength: true, webauthn:extension:prf: true, webauthn:virtualAuthenticators: true}
Session ID: d58a63e4c789092295fa474cebf42602
18:57:56.132 [Test worker] INFO  com.phonebook.utils.MyListener -- ******************************************************************************
18:57:56.642 [Test worker] INFO  com.phonebook.utils.MyListener -- Something went wrong!!!!
18:57:56.642 [Test worker] INFO  com.phonebook.utils.MyListener -- ******************************************************************************
18:57:56.642 [Test worker] INFO  com.phonebook.utils.MyListener -- Method --> alert
18:57:56.642 [Test worker] INFO  com.phonebook.utils.MyListener -- ******************************************************************************
18:57:56.643 [Test worker] INFO  com.phonebook.utils.MyListener -- Target exception --> org.openqa.selenium.NoAlertPresentException: no such alert
  (Session info: chrome=126.0.6478.63)
Build info: version: '4.21.0', revision: '79ed462ef4'
System info: os.name: 'Windows 10', os.arch: 'amd64', os.version: '10.0', java.version: '11.0.22'
Driver info: org.openqa.selenium.chrome.ChromeDriver
Command: [d58a63e4c789092295fa474cebf42602, getAlertText {}]
Capabilities {acceptInsecureCerts: false, browserName: chrome, browserVersion: 126.0.6478.63, chrome: {chromedriverVersion: 125.0.6422.141 (4b1e8393712..., userDataDir: C:\Users\afali\AppData\Loca...}, fedcm:accounts: true, goog:chromeOptions: {debuggerAddress: localhost:55155}, networkConnectionEnabled: false, pageLoadStrategy: normal, platformName: windows, proxy: Proxy(), se:cdp: ws://localhost:55155/devtoo..., se:cdpVersion: 126.0.6478.63, setWindowRect: true, strictFileInteractability: false, timeouts: {implicit: 0, pageLoad: 300000, script: 30000}, unhandledPromptBehavior: dismiss and notify, webauthn:extension:credBlob: true, webauthn:extension:largeBlob: true, webauthn:extension:minPinLength: true, webauthn:extension:prf: true, webauthn:virtualAuthenticators: true}
Session ID: d58a63e4c789092295fa474cebf42602
18:57:56.644 [Test worker] INFO  com.phonebook.utils.MyListener -- ******************************************************************************
18:57:57.182 [Test worker] INFO  com.phonebook.utils.MyListener -- Something went wrong!!!!
18:57:57.183 [Test worker] INFO  com.phonebook.utils.MyListener -- ******************************************************************************
18:57:57.183 [Test worker] INFO  com.phonebook.utils.MyListener -- Method --> alert
18:57:57.184 [Test worker] INFO  com.phonebook.utils.MyListener -- ******************************************************************************
18:57:57.184 [Test worker] INFO  com.phonebook.utils.MyListener -- Target exception --> org.openqa.selenium.NoAlertPresentException: no such alert
  (Session info: chrome=126.0.6478.63)
Build info: version: '4.21.0', revision: '79ed462ef4'
System info: os.name: 'Windows 10', os.arch: 'amd64', os.version: '10.0', java.version: '11.0.22'
Driver info: org.openqa.selenium.chrome.ChromeDriver
Command: [d58a63e4c789092295fa474cebf42602, getAlertText {}]
Capabilities {acceptInsecureCerts: false, browserName: chrome, browserVersion: 126.0.6478.63, chrome: {chromedriverVersion: 125.0.6422.141 (4b1e8393712..., userDataDir: C:\Users\afali\AppData\Loca...}, fedcm:accounts: true, goog:chromeOptions: {debuggerAddress: localhost:55155}, networkConnectionEnabled: false, pageLoadStrategy: normal, platformName: windows, proxy: Proxy(), se:cdp: ws://localhost:55155/devtoo..., se:cdpVersion: 126.0.6478.63, setWindowRect: true, strictFileInteractability: false, timeouts: {implicit: 0, pageLoad: 300000, script: 30000}, unhandledPromptBehavior: dismiss and notify, webauthn:extension:credBlob: true, webauthn:extension:largeBlob: true, webauthn:extension:minPinLength: true, webauthn:extension:prf: true, webauthn:virtualAuthenticators: true}
Session ID: d58a63e4c789092295fa474cebf42602
18:57:57.185 [Test worker] INFO  com.phonebook.utils.MyListener -- ******************************************************************************
18:57:57.719 [Test worker] INFO  com.phonebook.utils.MyListener -- Something went wrong!!!!
18:57:57.720 [Test worker] INFO  com.phonebook.utils.MyListener -- ******************************************************************************
18:57:57.721 [Test worker] INFO  com.phonebook.utils.MyListener -- Method --> alert
18:57:57.722 [Test worker] INFO  com.phonebook.utils.MyListener -- ******************************************************************************
18:57:57.722 [Test worker] INFO  com.phonebook.utils.MyListener -- Target exception --> org.openqa.selenium.NoAlertPresentException: no such alert
  (Session info: chrome=126.0.6478.63)
Build info: version: '4.21.0', revision: '79ed462ef4'
System info: os.name: 'Windows 10', os.arch: 'amd64', os.version: '10.0', java.version: '11.0.22'
Driver info: org.openqa.selenium.chrome.ChromeDriver
Command: [d58a63e4c789092295fa474cebf42602, getAlertText {}]
Capabilities {acceptInsecureCerts: false, browserName: chrome, browserVersion: 126.0.6478.63, chrome: {chromedriverVersion: 125.0.6422.141 (4b1e8393712..., userDataDir: C:\Users\afali\AppData\Loca...}, fedcm:accounts: true, goog:chromeOptions: {debuggerAddress: localhost:55155}, networkConnectionEnabled: false, pageLoadStrategy: normal, platformName: windows, proxy: Proxy(), se:cdp: ws://localhost:55155/devtoo..., se:cdpVersion: 126.0.6478.63, setWindowRect: true, strictFileInteractability: false, timeouts: {implicit: 0, pageLoad: 300000, script: 30000}, unhandledPromptBehavior: dismiss and notify, webauthn:extension:credBlob: true, webauthn:extension:largeBlob: true, webauthn:extension:minPinLength: true, webauthn:extension:prf: true, webauthn:virtualAuthenticators: true}
Session ID: d58a63e4c789092295fa474cebf42602
18:57:57.723 [Test worker] INFO  com.phonebook.utils.MyListener -- ******************************************************************************
18:57:58.264 [Test worker] INFO  com.phonebook.utils.MyListener -- Something went wrong!!!!
18:57:58.264 [Test worker] INFO  com.phonebook.utils.MyListener -- ******************************************************************************
18:57:58.265 [Test worker] INFO  com.phonebook.utils.MyListener -- Method --> alert
18:57:58.265 [Test worker] INFO  com.phonebook.utils.MyListener -- ******************************************************************************
18:57:58.266 [Test worker] INFO  com.phonebook.utils.MyListener -- Target exception --> org.openqa.selenium.NoAlertPresentException: no such alert
  (Session info: chrome=126.0.6478.63)
Build info: version: '4.21.0', revision: '79ed462ef4'
System info: os.name: 'Windows 10', os.arch: 'amd64', os.version: '10.0', java.version: '11.0.22'
Driver info: org.openqa.selenium.chrome.ChromeDriver
Command: [d58a63e4c789092295fa474cebf42602, getAlertText {}]
Capabilities {acceptInsecureCerts: false, browserName: chrome, browserVersion: 126.0.6478.63, chrome: {chromedriverVersion: 125.0.6422.141 (4b1e8393712..., userDataDir: C:\Users\afali\AppData\Loca...}, fedcm:accounts: true, goog:chromeOptions: {debuggerAddress: localhost:55155}, networkConnectionEnabled: false, pageLoadStrategy: normal, platformName: windows, proxy: Proxy(), se:cdp: ws://localhost:55155/devtoo..., se:cdpVersion: 126.0.6478.63, setWindowRect: true, strictFileInteractability: false, timeouts: {implicit: 0, pageLoad: 300000, script: 30000}, unhandledPromptBehavior: dismiss and notify, webauthn:extension:credBlob: true, webauthn:extension:largeBlob: true, webauthn:extension:minPinLength: true, webauthn:extension:prf: true, webauthn:virtualAuthenticators: true}
Session ID: d58a63e4c789092295fa474cebf42602
18:57:58.267 [Test worker] INFO  com.phonebook.utils.MyListener -- ******************************************************************************
18:57:58.809 [Test worker] INFO  com.phonebook.utils.MyListener -- Something went wrong!!!!
18:57:58.809 [Test worker] INFO  com.phonebook.utils.MyListener -- ******************************************************************************
18:57:58.810 [Test worker] INFO  com.phonebook.utils.MyListener -- Method --> alert
18:57:58.810 [Test worker] INFO  com.phonebook.utils.MyListener -- ******************************************************************************
18:57:58.812 [Test worker] INFO  com.phonebook.utils.MyListener -- Target exception --> org.openqa.selenium.NoAlertPresentException: no such alert
  (Session info: chrome=126.0.6478.63)
Build info: version: '4.21.0', revision: '79ed462ef4'
System info: os.name: 'Windows 10', os.arch: 'amd64', os.version: '10.0', java.version: '11.0.22'
Driver info: org.openqa.selenium.chrome.ChromeDriver
Command: [d58a63e4c789092295fa474cebf42602, getAlertText {}]
Capabilities {acceptInsecureCerts: false, browserName: chrome, browserVersion: 126.0.6478.63, chrome: {chromedriverVersion: 125.0.6422.141 (4b1e8393712..., userDataDir: C:\Users\afali\AppData\Loca...}, fedcm:accounts: true, goog:chromeOptions: {debuggerAddress: localhost:55155}, networkConnectionEnabled: false, pageLoadStrategy: normal, platformName: windows, proxy: Proxy(), se:cdp: ws://localhost:55155/devtoo..., se:cdpVersion: 126.0.6478.63, setWindowRect: true, strictFileInteractability: false, timeouts: {implicit: 0, pageLoad: 300000, script: 30000}, unhandledPromptBehavior: dismiss and notify, webauthn:extension:credBlob: true, webauthn:extension:largeBlob: true, webauthn:extension:minPinLength: true, webauthn:extension:prf: true, webauthn:virtualAuthenticators: true}
Session ID: d58a63e4c789092295fa474cebf42602
18:57:58.812 [Test worker] INFO  com.phonebook.utils.MyListener -- ******************************************************************************
18:57:59.362 [Test worker] INFO  com.phonebook.utils.MyListener -- Something went wrong!!!!
18:57:59.363 [Test worker] INFO  com.phonebook.utils.MyListener -- ******************************************************************************
18:57:59.363 [Test worker] INFO  com.phonebook.utils.MyListener -- Method --> alert
18:57:59.364 [Test worker] INFO  com.phonebook.utils.MyListener -- ******************************************************************************
18:57:59.365 [Test worker] INFO  com.phonebook.utils.MyListener -- Target exception --> org.openqa.selenium.NoAlertPresentException: no such alert
  (Session info: chrome=126.0.6478.63)
Build info: version: '4.21.0', revision: '79ed462ef4'
System info: os.name: 'Windows 10', os.arch: 'amd64', os.version: '10.0', java.version: '11.0.22'
Driver info: org.openqa.selenium.chrome.ChromeDriver
Command: [d58a63e4c789092295fa474cebf42602, getAlertText {}]
Capabilities {acceptInsecureCerts: false, browserName: chrome, browserVersion: 126.0.6478.63, chrome: {chromedriverVersion: 125.0.6422.141 (4b1e8393712..., userDataDir: C:\Users\afali\AppData\Loca...}, fedcm:accounts: true, goog:chromeOptions: {debuggerAddress: localhost:55155}, networkConnectionEnabled: false, pageLoadStrategy: normal, platformName: windows, proxy: Proxy(), se:cdp: ws://localhost:55155/devtoo..., se:cdpVersion: 126.0.6478.63, setWindowRect: true, strictFileInteractability: false, timeouts: {implicit: 0, pageLoad: 300000, script: 30000}, unhandledPromptBehavior: dismiss and notify, webauthn:extension:credBlob: true, webauthn:extension:largeBlob: true, webauthn:extension:minPinLength: true, webauthn:extension:prf: true, webauthn:virtualAuthenticators: true}
Session ID: d58a63e4c789092295fa474cebf42602
18:57:59.366 [Test worker] INFO  com.phonebook.utils.MyListener -- ******************************************************************************
18:57:59.896 [Test worker] INFO  com.phonebook.utils.MyListener -- Something went wrong!!!!
18:57:59.897 [Test worker] INFO  com.phonebook.utils.MyListener -- ******************************************************************************
18:57:59.897 [Test worker] INFO  com.phonebook.utils.MyListener -- Method --> alert
18:57:59.898 [Test worker] INFO  com.phonebook.utils.MyListener -- ******************************************************************************
18:57:59.899 [Test worker] INFO  com.phonebook.utils.MyListener -- Target exception --> org.openqa.selenium.NoAlertPresentException: no such alert
  (Session info: chrome=126.0.6478.63)
Build info: version: '4.21.0', revision: '79ed462ef4'
System info: os.name: 'Windows 10', os.arch: 'amd64', os.version: '10.0', java.version: '11.0.22'
Driver info: org.openqa.selenium.chrome.ChromeDriver
Command: [d58a63e4c789092295fa474cebf42602, getAlertText {}]
Capabilities {acceptInsecureCerts: false, browserName: chrome, browserVersion: 126.0.6478.63, chrome: {chromedriverVersion: 125.0.6422.141 (4b1e8393712..., userDataDir: C:\Users\afali\AppData\Loca...}, fedcm:accounts: true, goog:chromeOptions: {debuggerAddress: localhost:55155}, networkConnectionEnabled: false, pageLoadStrategy: normal, platformName: windows, proxy: Proxy(), se:cdp: ws://localhost:55155/devtoo..., se:cdpVersion: 126.0.6478.63, setWindowRect: true, strictFileInteractability: false, timeouts: {implicit: 0, pageLoad: 300000, script: 30000}, unhandledPromptBehavior: dismiss and notify, webauthn:extension:credBlob: true, webauthn:extension:largeBlob: true, webauthn:extension:minPinLength: true, webauthn:extension:prf: true, webauthn:virtualAuthenticators: true}
Session ID: d58a63e4c789092295fa474cebf42602
18:57:59.900 [Test worker] INFO  com.phonebook.utils.MyListener -- ******************************************************************************
18:58:00.458 [Test worker] INFO  com.phonebook.utils.MyListener -- Something went wrong!!!!
18:58:00.459 [Test worker] INFO  com.phonebook.utils.MyListener -- ******************************************************************************
18:58:00.459 [Test worker] INFO  com.phonebook.utils.MyListener -- Method --> alert
18:58:00.460 [Test worker] INFO  com.phonebook.utils.MyListener -- ******************************************************************************
18:58:00.461 [Test worker] INFO  com.phonebook.utils.MyListener -- Target exception --> org.openqa.selenium.NoAlertPresentException: no such alert
  (Session info: chrome=126.0.6478.63)
Build info: version: '4.21.0', revision: '79ed462ef4'
System info: os.name: 'Windows 10', os.arch: 'amd64', os.version: '10.0', java.version: '11.0.22'
Driver info: org.openqa.selenium.chrome.ChromeDriver
Command: [d58a63e4c789092295fa474cebf42602, getAlertText {}]
Capabilities {acceptInsecureCerts: false, browserName: chrome, browserVersion: 126.0.6478.63, chrome: {chromedriverVersion: 125.0.6422.141 (4b1e8393712..., userDataDir: C:\Users\afali\AppData\Loca...}, fedcm:accounts: true, goog:chromeOptions: {debuggerAddress: localhost:55155}, networkConnectionEnabled: false, pageLoadStrategy: normal, platformName: windows, proxy: Proxy(), se:cdp: ws://localhost:55155/devtoo..., se:cdpVersion: 126.0.6478.63, setWindowRect: true, strictFileInteractability: false, timeouts: {implicit: 0, pageLoad: 300000, script: 30000}, unhandledPromptBehavior: dismiss and notify, webauthn:extension:credBlob: true, webauthn:extension:largeBlob: true, webauthn:extension:minPinLength: true, webauthn:extension:prf: true, webauthn:virtualAuthenticators: true}
Session ID: d58a63e4c789092295fa474cebf42602
18:58:00.462 [Test worker] INFO  com.phonebook.utils.MyListener -- ******************************************************************************
18:58:00.999 [Test worker] INFO  com.phonebook.utils.MyListener -- Something went wrong!!!!
18:58:01.000 [Test worker] INFO  com.phonebook.utils.MyListener -- ******************************************************************************
18:58:01.001 [Test worker] INFO  com.phonebook.utils.MyListener -- Method --> alert
18:58:01.002 [Test worker] INFO  com.phonebook.utils.MyListener -- ******************************************************************************
18:58:01.003 [Test worker] INFO  com.phonebook.utils.MyListener -- Target exception --> org.openqa.selenium.NoAlertPresentException: no such alert
  (Session info: chrome=126.0.6478.63)
Build info: version: '4.21.0', revision: '79ed462ef4'
System info: os.name: 'Windows 10', os.arch: 'amd64', os.version: '10.0', java.version: '11.0.22'
Driver info: org.openqa.selenium.chrome.ChromeDriver
Command: [d58a63e4c789092295fa474cebf42602, getAlertText {}]
Capabilities {acceptInsecureCerts: false, browserName: chrome, browserVersion: 126.0.6478.63, chrome: {chromedriverVersion: 125.0.6422.141 (4b1e8393712..., userDataDir: C:\Users\afali\AppData\Loca...}, fedcm:accounts: true, goog:chromeOptions: {debuggerAddress: localhost:55155}, networkConnectionEnabled: false, pageLoadStrategy: normal, platformName: windows, proxy: Proxy(), se:cdp: ws://localhost:55155/devtoo..., se:cdpVersion: 126.0.6478.63, setWindowRect: true, strictFileInteractability: false, timeouts: {implicit: 0, pageLoad: 300000, script: 30000}, unhandledPromptBehavior: dismiss and notify, webauthn:extension:credBlob: true, webauthn:extension:largeBlob: true, webauthn:extension:minPinLength: true, webauthn:extension:prf: true, webauthn:virtualAuthenticators: true}
Session ID: d58a63e4c789092295fa474cebf42602
18:58:01.004 [Test worker] INFO  com.phonebook.utils.MyListener -- ******************************************************************************
18:58:01.546 [Test worker] INFO  com.phonebook.utils.MyListener -- Something went wrong!!!!
18:58:01.547 [Test worker] INFO  com.phonebook.utils.MyListener -- ******************************************************************************
18:58:01.548 [Test worker] INFO  com.phonebook.utils.MyListener -- Method --> alert
18:58:01.548 [Test worker] INFO  com.phonebook.utils.MyListener -- ******************************************************************************
18:58:01.549 [Test worker] INFO  com.phonebook.utils.MyListener -- Target exception --> org.openqa.selenium.NoAlertPresentException: no such alert
  (Session info: chrome=126.0.6478.63)
Build info: version: '4.21.0', revision: '79ed462ef4'
System info: os.name: 'Windows 10', os.arch: 'amd64', os.version: '10.0', java.version: '11.0.22'
Driver info: org.openqa.selenium.chrome.ChromeDriver
Command: [d58a63e4c789092295fa474cebf42602, getAlertText {}]
Capabilities {acceptInsecureCerts: false, browserName: chrome, browserVersion: 126.0.6478.63, chrome: {chromedriverVersion: 125.0.6422.141 (4b1e8393712..., userDataDir: C:\Users\afali\AppData\Loca...}, fedcm:accounts: true, goog:chromeOptions: {debuggerAddress: localhost:55155}, networkConnectionEnabled: false, pageLoadStrategy: normal, platformName: windows, proxy: Proxy(), se:cdp: ws://localhost:55155/devtoo..., se:cdpVersion: 126.0.6478.63, setWindowRect: true, strictFileInteractability: false, timeouts: {implicit: 0, pageLoad: 300000, script: 30000}, unhandledPromptBehavior: dismiss and notify, webauthn:extension:credBlob: true, webauthn:extension:largeBlob: true, webauthn:extension:minPinLength: true, webauthn:extension:prf: true, webauthn:virtualAuthenticators: true}
Session ID: d58a63e4c789092295fa474cebf42602
18:58:01.551 [Test worker] INFO  com.phonebook.utils.MyListener -- ******************************************************************************
18:58:02.090 [Test worker] INFO  com.phonebook.utils.MyListener -- Something went wrong!!!!
18:58:02.091 [Test worker] INFO  com.phonebook.utils.MyListener -- ******************************************************************************
18:58:02.091 [Test worker] INFO  com.phonebook.utils.MyListener -- Method --> alert
18:58:02.091 [Test worker] INFO  com.phonebook.utils.MyListener -- ******************************************************************************
18:58:02.092 [Test worker] INFO  com.phonebook.utils.MyListener -- Target exception --> org.openqa.selenium.NoAlertPresentException: no such alert
  (Session info: chrome=126.0.6478.63)
Build info: version: '4.21.0', revision: '79ed462ef4'
System info: os.name: 'Windows 10', os.arch: 'amd64', os.version: '10.0', java.version: '11.0.22'
Driver info: org.openqa.selenium.chrome.ChromeDriver
Command: [d58a63e4c789092295fa474cebf42602, getAlertText {}]
Capabilities {acceptInsecureCerts: false, browserName: chrome, browserVersion: 126.0.6478.63, chrome: {chromedriverVersion: 125.0.6422.141 (4b1e8393712..., userDataDir: C:\Users\afali\AppData\Loca...}, fedcm:accounts: true, goog:chromeOptions: {debuggerAddress: localhost:55155}, networkConnectionEnabled: false, pageLoadStrategy: normal, platformName: windows, proxy: Proxy(), se:cdp: ws://localhost:55155/devtoo..., se:cdpVersion: 126.0.6478.63, setWindowRect: true, strictFileInteractability: false, timeouts: {implicit: 0, pageLoad: 300000, script: 30000}, unhandledPromptBehavior: dismiss and notify, webauthn:extension:credBlob: true, webauthn:extension:largeBlob: true, webauthn:extension:minPinLength: true, webauthn:extension:prf: true, webauthn:virtualAuthenticators: true}
Session ID: d58a63e4c789092295fa474cebf42602
18:58:02.093 [Test worker] INFO  com.phonebook.utils.MyListener -- ******************************************************************************
18:58:02.634 [Test worker] INFO  com.phonebook.utils.MyListener -- Something went wrong!!!!
18:58:02.635 [Test worker] INFO  com.phonebook.utils.MyListener -- ******************************************************************************
18:58:02.636 [Test worker] INFO  com.phonebook.utils.MyListener -- Method --> alert
18:58:02.636 [Test worker] INFO  com.phonebook.utils.MyListener -- ******************************************************************************
18:58:02.637 [Test worker] INFO  com.phonebook.utils.MyListener -- Target exception --> org.openqa.selenium.NoAlertPresentException: no such alert
  (Session info: chrome=126.0.6478.63)
Build info: version: '4.21.0', revision: '79ed462ef4'
System info: os.name: 'Windows 10', os.arch: 'amd64', os.version: '10.0', java.version: '11.0.22'
Driver info: org.openqa.selenium.chrome.ChromeDriver
Command: [d58a63e4c789092295fa474cebf42602, getAlertText {}]
Capabilities {acceptInsecureCerts: false, browserName: chrome, browserVersion: 126.0.6478.63, chrome: {chromedriverVersion: 125.0.6422.141 (4b1e8393712..., userDataDir: C:\Users\afali\AppData\Loca...}, fedcm:accounts: true, goog:chromeOptions: {debuggerAddress: localhost:55155}, networkConnectionEnabled: false, pageLoadStrategy: normal, platformName: windows, proxy: Proxy(), se:cdp: ws://localhost:55155/devtoo..., se:cdpVersion: 126.0.6478.63, setWindowRect: true, strictFileInteractability: false, timeouts: {implicit: 0, pageLoad: 300000, script: 30000}, unhandledPromptBehavior: dismiss and notify, webauthn:extension:credBlob: true, webauthn:extension:largeBlob: true, webauthn:extension:minPinLength: true, webauthn:extension:prf: true, webauthn:virtualAuthenticators: true}
Session ID: d58a63e4c789092295fa474cebf42602
18:58:02.638 [Test worker] INFO  com.phonebook.utils.MyListener -- ******************************************************************************
18:58:03.153 [Test worker] INFO  com.phonebook.utils.MyListener -- Something went wrong!!!!
18:58:03.154 [Test worker] INFO  com.phonebook.utils.MyListener -- ******************************************************************************
18:58:03.154 [Test worker] INFO  com.phonebook.utils.MyListener -- Method --> alert
18:58:03.154 [Test worker] INFO  com.phonebook.utils.MyListener -- ******************************************************************************
18:58:03.154 [Test worker] INFO  com.phonebook.utils.MyListener -- Target exception --> org.openqa.selenium.NoAlertPresentException: no such alert
  (Session info: chrome=126.0.6478.63)
Build info: version: '4.21.0', revision: '79ed462ef4'
System info: os.name: 'Windows 10', os.arch: 'amd64', os.version: '10.0', java.version: '11.0.22'
Driver info: org.openqa.selenium.chrome.ChromeDriver
Command: [d58a63e4c789092295fa474cebf42602, getAlertText {}]
Capabilities {acceptInsecureCerts: false, browserName: chrome, browserVersion: 126.0.6478.63, chrome: {chromedriverVersion: 125.0.6422.141 (4b1e8393712..., userDataDir: C:\Users\afali\AppData\Loca...}, fedcm:accounts: true, goog:chromeOptions: {debuggerAddress: localhost:55155}, networkConnectionEnabled: false, pageLoadStrategy: normal, platformName: windows, proxy: Proxy(), se:cdp: ws://localhost:55155/devtoo..., se:cdpVersion: 126.0.6478.63, setWindowRect: true, strictFileInteractability: false, timeouts: {implicit: 0, pageLoad: 300000, script: 30000}, unhandledPromptBehavior: dismiss and notify, webauthn:extension:credBlob: true, webauthn:extension:largeBlob: true, webauthn:extension:minPinLength: true, webauthn:extension:prf: true, webauthn:virtualAuthenticators: true}
Session ID: d58a63e4c789092295fa474cebf42602
18:58:03.155 [Test worker] INFO  com.phonebook.utils.MyListener -- ******************************************************************************
18:58:03.695 [Test worker] INFO  com.phonebook.utils.MyListener -- Something went wrong!!!!
18:58:03.696 [Test worker] INFO  com.phonebook.utils.MyListener -- ******************************************************************************
18:58:03.696 [Test worker] INFO  com.phonebook.utils.MyListener -- Method --> alert
18:58:03.696 [Test worker] INFO  com.phonebook.utils.MyListener -- ******************************************************************************
18:58:03.698 [Test worker] INFO  com.phonebook.utils.MyListener -- Target exception --> org.openqa.selenium.NoAlertPresentException: no such alert
  (Session info: chrome=126.0.6478.63)
Build info: version: '4.21.0', revision: '79ed462ef4'
System info: os.name: 'Windows 10', os.arch: 'amd64', os.version: '10.0', java.version: '11.0.22'
Driver info: org.openqa.selenium.chrome.ChromeDriver
Command: [d58a63e4c789092295fa474cebf42602, getAlertText {}]
Capabilities {acceptInsecureCerts: false, browserName: chrome, browserVersion: 126.0.6478.63, chrome: {chromedriverVersion: 125.0.6422.141 (4b1e8393712..., userDataDir: C:\Users\afali\AppData\Loca...}, fedcm:accounts: true, goog:chromeOptions: {debuggerAddress: localhost:55155}, networkConnectionEnabled: false, pageLoadStrategy: normal, platformName: windows, proxy: Proxy(), se:cdp: ws://localhost:55155/devtoo..., se:cdpVersion: 126.0.6478.63, setWindowRect: true, strictFileInteractability: false, timeouts: {implicit: 0, pageLoad: 300000, script: 30000}, unhandledPromptBehavior: dismiss and notify, webauthn:extension:credBlob: true, webauthn:extension:largeBlob: true, webauthn:extension:minPinLength: true, webauthn:extension:prf: true, webauthn:virtualAuthenticators: true}
Session ID: d58a63e4c789092295fa474cebf42602
18:58:03.698 [Test worker] INFO  com.phonebook.utils.MyListener -- ******************************************************************************
18:58:04.240 [Test worker] INFO  com.phonebook.utils.MyListener -- Something went wrong!!!!
18:58:04.241 [Test worker] INFO  com.phonebook.utils.MyListener -- ******************************************************************************
18:58:04.241 [Test worker] INFO  com.phonebook.utils.MyListener -- Method --> alert
18:58:04.242 [Test worker] INFO  com.phonebook.utils.MyListener -- ******************************************************************************
18:58:04.243 [Test worker] INFO  com.phonebook.utils.MyListener -- Target exception --> org.openqa.selenium.NoAlertPresentException: no such alert
  (Session info: chrome=126.0.6478.63)
Build info: version: '4.21.0', revision: '79ed462ef4'
System info: os.name: 'Windows 10', os.arch: 'amd64', os.version: '10.0', java.version: '11.0.22'
Driver info: org.openqa.selenium.chrome.ChromeDriver
Command: [d58a63e4c789092295fa474cebf42602, getAlertText {}]
Capabilities {acceptInsecureCerts: false, browserName: chrome, browserVersion: 126.0.6478.63, chrome: {chromedriverVersion: 125.0.6422.141 (4b1e8393712..., userDataDir: C:\Users\afali\AppData\Loca...}, fedcm:accounts: true, goog:chromeOptions: {debuggerAddress: localhost:55155}, networkConnectionEnabled: false, pageLoadStrategy: normal, platformName: windows, proxy: Proxy(), se:cdp: ws://localhost:55155/devtoo..., se:cdpVersion: 126.0.6478.63, setWindowRect: true, strictFileInteractability: false, timeouts: {implicit: 0, pageLoad: 300000, script: 30000}, unhandledPromptBehavior: dismiss and notify, webauthn:extension:credBlob: true, webauthn:extension:largeBlob: true, webauthn:extension:minPinLength: true, webauthn:extension:prf: true, webauthn:virtualAuthenticators: true}
Session ID: d58a63e4c789092295fa474cebf42602
18:58:04.243 [Test worker] INFO  com.phonebook.utils.MyListener -- ******************************************************************************
18:58:04.768 [Test worker] INFO  com.phonebook.utils.MyListener -- Something went wrong!!!!
18:58:04.769 [Test worker] INFO  com.phonebook.utils.MyListener -- ******************************************************************************
18:58:04.770 [Test worker] INFO  com.phonebook.utils.MyListener -- Method --> alert
18:58:04.770 [Test worker] INFO  com.phonebook.utils.MyListener -- ******************************************************************************
18:58:04.771 [Test worker] INFO  com.phonebook.utils.MyListener -- Target exception --> org.openqa.selenium.NoAlertPresentException: no such alert
  (Session info: chrome=126.0.6478.63)
Build info: version: '4.21.0', revision: '79ed462ef4'
System info: os.name: 'Windows 10', os.arch: 'amd64', os.version: '10.0', java.version: '11.0.22'
Driver info: org.openqa.selenium.chrome.ChromeDriver
Command: [d58a63e4c789092295fa474cebf42602, getAlertText {}]
Capabilities {acceptInsecureCerts: false, browserName: chrome, browserVersion: 126.0.6478.63, chrome: {chromedriverVersion: 125.0.6422.141 (4b1e8393712..., userDataDir: C:\Users\afali\AppData\Loca...}, fedcm:accounts: true, goog:chromeOptions: {debuggerAddress: localhost:55155}, networkConnectionEnabled: false, pageLoadStrategy: normal, platformName: windows, proxy: Proxy(), se:cdp: ws://localhost:55155/devtoo..., se:cdpVersion: 126.0.6478.63, setWindowRect: true, strictFileInteractability: false, timeouts: {implicit: 0, pageLoad: 300000, script: 30000}, unhandledPromptBehavior: dismiss and notify, webauthn:extension:credBlob: true, webauthn:extension:largeBlob: true, webauthn:extension:minPinLength: true, webauthn:extension:prf: true, webauthn:virtualAuthenticators: true}
Session ID: d58a63e4c789092295fa474cebf42602
18:58:04.771 [Test worker] INFO  com.phonebook.utils.MyListener -- ******************************************************************************
18:58:05.307 [Test worker] INFO  com.phonebook.utils.MyListener -- Something went wrong!!!!
18:58:05.308 [Test worker] INFO  com.phonebook.utils.MyListener -- ******************************************************************************
18:58:05.308 [Test worker] INFO  com.phonebook.utils.MyListener -- Method --> alert
18:58:05.309 [Test worker] INFO  com.phonebook.utils.MyListener -- ******************************************************************************
18:58:05.309 [Test worker] INFO  com.phonebook.utils.MyListener -- Target exception --> org.openqa.selenium.NoAlertPresentException: no such alert
  (Session info: chrome=126.0.6478.63)
Build info: version: '4.21.0', revision: '79ed462ef4'
System info: os.name: 'Windows 10', os.arch: 'amd64', os.version: '10.0', java.version: '11.0.22'
Driver info: org.openqa.selenium.chrome.ChromeDriver
Command: [d58a63e4c789092295fa474cebf42602, getAlertText {}]
Capabilities {acceptInsecureCerts: false, browserName: chrome, browserVersion: 126.0.6478.63, chrome: {chromedriverVersion: 125.0.6422.141 (4b1e8393712..., userDataDir: C:\Users\afali\AppData\Loca...}, fedcm:accounts: true, goog:chromeOptions: {debuggerAddress: localhost:55155}, networkConnectionEnabled: false, pageLoadStrategy: normal, platformName: windows, proxy: Proxy(), se:cdp: ws://localhost:55155/devtoo..., se:cdpVersion: 126.0.6478.63, setWindowRect: true, strictFileInteractability: false, timeouts: {implicit: 0, pageLoad: 300000, script: 30000}, unhandledPromptBehavior: dismiss and notify, webauthn:extension:credBlob: true, webauthn:extension:largeBlob: true, webauthn:extension:minPinLength: true, webauthn:extension:prf: true, webauthn:virtualAuthenticators: true}
Session ID: d58a63e4c789092295fa474cebf42602
18:58:05.310 [Test worker] INFO  com.phonebook.utils.MyListener -- ******************************************************************************
18:58:06.649 [Test worker] ERROR com.phonebook.tests.TestBase -- FAILED: loginNegativeWithoutEmailTestScreenshot: C:\QA\QA41_Phonebook\screenshots\screen-1719248286529.png
18:58:06.649 [Test worker] INFO  com.phonebook.tests.TestBase -- Stop Test
]]></system-out>
  <system-err><![CDATA[]]></system-err>
</testsuite>
